<?xml version="1.0" encoding="utf-8"?><testsuites name="pytest tests"><testsuite name="pytest" errors="0" failures="0" skipped="0" tests="113" time="20.507" timestamp="2026-09-21T12:07:20.114277+00:00" hostname="e2b.local"><testcase classname="tests.test_api_contracts" name="test_all_failed_calls_never_confirm_vendor[gemini]" time="0.003" /><testcase classname="tests.test_api_contracts" name="test_all_failed_calls_never_confirm_vendor[anthropic]" time="0.001" /><testcase classname="tests.test_api_contracts" name="test_all_failed_calls_never_confirm_vendor[openai]" time="0.001" /><testcase classname="tests.test_api_contracts" name="test_gemini_config_usage_price_and_truncation" time="0.001" /><testcase classname="tests.test_api_contracts" name="test_missing_usage_not_zero_cost_success" time="0.001" /><testcase classname="tests.test_api_contracts" name="test_claude_disjoint_cache_fields_and_optional_native_thinking_split[False]" time="0.000" /><testcase classname="tests.test_api_contracts" name="test_claude_disjoint_cache_fields_and_optional_native_thinking_split[True]" time="0.000" /><testcase classname="tests.test_api_contracts" name="test_openai_reasoning_is_subset_of_output" time="0.000" /><testcase classname="tests.test_api_contracts" name="test_missing_keys_return_failure_not_verified" time="0.001" /><testcase classname="tests.test_api_contracts" name="test_explicit_price_override_is_labelled" time="0.001" /><testcase classname="tests.test_api_contracts" name="test_signature_id_and_other_parts_survive_follow_up" time="0.000" /><testcase classname="tests.test_api_contracts" name="test_three_requests_first_injection_then_history_replay" time="0.002" /><testcase classname="tests.test_api_contracts" name="test_tool_failures_are_logged_and_raise[http_failure]" time="0.001" /><testcase classname="tests.test_api_contracts" name="test_tool_failures_are_logged_and_raise[missing_usage]" time="0.001" /><testcase classname="tests.test_api_contracts" name="test_tool_failures_are_logged_and_raise[truncated]" time="0.001" /><testcase classname="tests.test_api_contracts" name="test_no_legacy_budget_requests_by_default" time="0.001" /><testcase classname="tests.test_api_contracts" name="test_claude_off_is_explicit_not_omitted" time="0.000" /><testcase classname="tests.test_api_contracts" name="test_exp08_gemini3_uses_levels_and_failure_never_confirms" time="0.001" /><testcase classname="tests.test_api_contracts" name="test_exp08_missing_usage_or_finish_does_not_become_a_success" time="0.000" /><testcase classname="tests.test_artifacts_and_exit_codes" name="test_published_pptx_and_pdf_full_text[token_cost]" time="3.319" /><testcase classname="tests.test_artifacts_and_exit_codes" name="test_published_pptx_and_pdf_full_text[token_cost_main]" time="0.101" /><testcase classname="tests.test_artifacts_and_exit_codes" name="test_published_pptx_and_pdf_full_text[token_cost_bonus]" time="0.049" /><testcase classname="tests.test_artifacts_and_exit_codes" name="test_published_pptx_and_pdf_full_text[token_cost_agent]" time="0.084" /><testcase classname="tests.test_artifacts_and_exit_codes" name="test_published_pptx_and_pdf_full_text[case_vibe_vs_spec/vibe_vs_spec]" time="0.070" /><testcase classname="tests.test_artifacts_and_exit_codes" name="test_case_deck_restored_figures_are_byte_identical_to_sources" time="0.006" /><testcase classname="tests.test_artifacts_and_exit_codes" name="test_case_deck_fact_tables_match_usage_and_price_sources" time="0.001" /><testcase classname="tests.test_artifacts_and_exit_codes" name="test_240_to_999_mutation_fails_actual_deck_and_cli" time="4.515" /><testcase classname="tests.test_artifacts_and_exit_codes" name="test_missing_pptx_is_a_failure" time="0.001" /><testcase classname="tests.test_artifacts_and_exit_codes" name="test_legacy_checks_are_executable_and_pass[test_router.py]" time="0.055" /><testcase classname="tests.test_artifacts_and_exit_codes" name="test_legacy_checks_are_executable_and_pass[test_orchestrator.py]" time="0.058" /><testcase classname="tests.test_artifacts_and_exit_codes" name="test_legacy_checks_are_executable_and_pass[test_intent_guard.py]" time="0.053" /><testcase classname="tests.test_artifacts_and_exit_codes" name="test_legacy_checks_are_executable_and_pass[test_lean.py]" time="0.054" /><testcase classname="tests.test_artifacts_and_exit_codes" name="test_legacy_checks_are_executable_and_pass[test_mcp.py]" time="0.587" /><testcase classname="tests.test_artifacts_and_exit_codes" name="test_forced_assertion_failure_exits_nonzero[test_intent_guard.py]" time="0.055" /><testcase classname="tests.test_artifacts_and_exit_codes" name="test_forced_assertion_failure_exits_nonzero[test_orchestrator.py]" time="0.060" /><testcase classname="tests.test_artifacts_and_exit_codes" name="test_shell_preserves_pipeline_failure_and_separates_skips[True]" time="0.009" /><testcase classname="tests.test_artifacts_and_exit_codes" name="test_shell_preserves_pipeline_failure_and_separates_skips[False]" time="0.008" /><testcase classname="tests.test_artifacts_and_exit_codes" name="test_migrated_paths_exist_and_filenames_are_utf8" time="0.009" /><testcase classname="tests.test_artifacts_and_exit_codes" name="test_real_ci_workflow_exists" time="0.000" /><testcase classname="tests.test_artifacts_and_exit_codes" name="test_extra_wrong_pdf_text_is_not_ignored" time="0.033" /><testcase classname="tests.test_artifacts_and_exit_codes" name="test_run_all_live_without_keys_is_unverified[08]" time="0.001" /><testcase classname="tests.test_artifacts_and_exit_codes" name="test_run_all_live_without_keys_is_unverified[10]" time="0.001" /><testcase classname="tests.test_artifacts_and_exit_codes" name="test_run_all_live_without_keys_is_unverified[11]" time="0.001" /><testcase classname="tests.test_artifacts_and_exit_codes" name="test_run_all_default_never_enables_live" time="0.001" /><testcase classname="tests.test_artifacts_and_exit_codes" name="test_inspector_output_cannot_hide_nonzero_status" time="0.015" /><testcase classname="tests.test_artifacts_and_exit_codes" name="test_deck_slides_keep_messages_and_notes_carry_scope" time="0.001" /><testcase classname="tests.test_artifacts_and_exit_codes" name="test_deck_scripts_declare_target_duration_and_per_slide_talk" time="0.002" /><testcase classname="tests.test_browser_ac" name="test_actual_memo_persists_selects_and_deletes" time="0.941" /><testcase classname="tests.test_browser_ac" name="test_keyword_present_but_nonfunctional_memo_is_rejected" time="5.581" /><testcase classname="tests.test_browser_ac" name="test_cafe_real_viewports_and_anchors" time="1.202" /><testcase classname="tests.test_browser_ac" name="test_two_column_mobile_mutation_defeats_old_strings_not_browser" time="2.507" /><testcase classname="tests.test_docs_consistency" name="test_agents_md_short_rework_percentages_match_script" time="0.078" /><testcase classname="tests.test_docs_consistency" name="test_lean_replay_ratio_in_corrections_matches_script" time="0.001" /><testcase classname="tests.test_docs_consistency" name="test_reasserted_doc_matches_generator" time="0.001" /><testcase classname="tests.test_docs_consistency" name="test_retired_claim_tokens_do_not_reappear" time="0.022" /><testcase classname="tests.test_docs_consistency" name="test_no_replacement_characters_or_stray_cjk" time="0.036" /><testcase classname="tests.test_docs_consistency" name="test_backticked_repository_paths_exist" time="0.014" /><testcase classname="tests.test_evidence" name="test_immutable_primary_sources[results/live_lang_thinking.jsonl]" time="0.001" /><testcase classname="tests.test_evidence" name="test_immutable_primary_sources[results/thinking_sweep.jsonl]" time="0.001" /><testcase classname="tests.test_evidence" name="test_immutable_primary_sources[data/flores200/eng_Latn.devtest]" time="0.001" /><testcase classname="tests.test_evidence" name="test_immutable_primary_sources[data/flores200/kor_Hang.devtest]" time="0.001" /><testcase classname="tests.test_evidence" name="test_published_metrics_match_primary_sources" time="0.001" /><testcase classname="tests.test_evidence" name="test_new_parallel_corpus_measurement" time="0.005" /><testcase classname="tests.test_evidence" name="test_welch_matches_scipy_not_normal_tail[actual-per_call-explain]" time="0.003" /><testcase classname="tests.test_evidence" name="test_welch_matches_scipy_not_normal_tail[actual-per_call-reason]" time="0.003" /><testcase classname="tests.test_evidence" name="test_welch_matches_scipy_not_normal_tail[actual-per_1000_chars-explain]" time="0.002" /><testcase classname="tests.test_evidence" name="test_welch_matches_scipy_not_normal_tail[actual-per_1000_chars-reason]" time="0.002" /><testcase classname="tests.test_evidence" name="test_welch_matches_scipy_not_normal_tail[legacy-per_call-explain]" time="0.002" /><testcase classname="tests.test_evidence" name="test_welch_matches_scipy_not_normal_tail[legacy-per_call-reason]" time="0.002" /><testcase classname="tests.test_evidence" name="test_welch_matches_scipy_not_normal_tail[legacy-per_1000_chars-explain]" time="0.003" /><testcase classname="tests.test_evidence" name="test_welch_matches_scipy_not_normal_tail[legacy-per_1000_chars-reason]" time="0.002" /><testcase classname="tests.test_evidence" name="test_unestimable_welch_is_not_significant[a0-b0]" time="0.001" /><testcase classname="tests.test_evidence" name="test_unestimable_welch_is_not_significant[a1-b1]" time="0.001" /><testcase classname="tests.test_evidence" name="test_unestimable_welch_is_not_significant[a2-b2]" time="0.000" /><testcase classname="tests.test_evidence" name="test_preserve_two_price_bases_and_distinct_reference_settings" time="0.001" /><testcase classname="tests.test_evidence" name="test_answer_scoring_does_not_confuse_tolerance_and_exact[$38.016-True-True]" time="0.000" /><testcase classname="tests.test_evidence" name="test_answer_scoring_does_not_confuse_tolerance_and_exact[37.9944-True-False]" time="0.000" /><testcase classname="tests.test_evidence" name="test_answer_scoring_does_not_confuse_tolerance_and_exact[380.16-False-False]" time="0.001" /><testcase classname="tests.test_evidence" name="test_answer_scoring_does_not_confuse_tolerance_and_exact[5 calls then 38.016-False-False]" time="0.001" /><testcase classname="tests.test_evidence" name="test_tiny_sample_wilson_interval" time="0.000" /><testcase classname="tests.test_evidence" name="test_scenario_numbers_remain_scenarios" time="0.000" /><testcase classname="tests.test_evidence" name="test_reports_are_generated_from_same_evidence" time="0.001" /><testcase classname="tests.test_evidence" name="test_case_estimates_and_no_cache_alternative" time="0.001" /><testcase classname="tests.test_regressions" name="test_task_intent_beats_incidental_tool_nouns[\ud30c\uc77c \uc5c5\ub85c\ub4dc \uae30\ub2a5 \uad6c\ud604-implement]" time="0.000" /><testcase classname="tests.test_regressions" name="test_task_intent_beats_incidental_tool_nouns[\uac80\uc0c9 \uc5d4\uc9c4 \uc124\uacc4-reasoning]" time="0.000" /><testcase classname="tests.test_regressions" name="test_task_intent_beats_incidental_tool_nouns[\ud3ec\ub9f7 \ubcc0\ud658 \ubaa8\ub4c8 \uad6c\ud604-implement]" time="0.000" /><testcase classname="tests.test_regressions" name="test_task_intent_beats_incidental_tool_nouns[\ub514\ub809\ud130\ub9ac \uc0ad\uc81c \ub85c\uc9c1 \ubc84\uadf8 \uc218\uc815-implement]" time="0.000" /><testcase classname="tests.test_regressions" name="test_task_intent_beats_incidental_tool_nouns[\uacbd\ub85c \ud0d0\uc0c9 \uc54c\uace0\ub9ac\uc998 \uc124\uba85-explain]" time="0.000" /><testcase classname="tests.test_regressions" name="test_task_intent_beats_incidental_tool_nouns[\ub85c\uadf8 \ud30c\uc77c \ubd84\uc11d \uc804\ub7b5 \uc124\uacc4-reasoning]" time="0.000" /><testcase classname="tests.test_regressions" name="test_task_intent_beats_incidental_tool_nouns[src/foo.py \uc774\ub984\uc744 bar.py\ub85c \ubc14\uafd4\uc918-tool]" time="0.000" /><testcase classname="tests.test_regressions" name="test_task_intent_beats_incidental_tool_nouns[TODO \uc804\ubd80 grep-tool]" time="0.000" /><testcase classname="tests.test_regressions" name="test_total_growth_is_not_added_twice" time="0.000" /><testcase classname="tests.test_regressions" name="test_identical_a_rung_pricing_in_router_and_orchestrator" time="0.002" /><testcase classname="tests.test_regressions" name="test_terminal_respec_has_no_execution_cost" time="0.000" /><testcase classname="tests.test_regressions" name="test_unknown_task_inner_is_error" time="0.000" /><testcase classname="tests.test_regressions" name="test_same_command_on_new_task_does_not_escalate" time="0.001" /><testcase classname="tests.test_regressions" name="test_new_intent_resets_tier_and_carried_context" time="0.000" /><testcase classname="tests.test_regressions" name="test_haiku_minimum_and_no_discount_below_it[1024-False]" time="0.000" /><testcase classname="tests.test_regressions" name="test_haiku_minimum_and_no_discount_below_it[3000-False]" time="0.000" /><testcase classname="tests.test_regressions" name="test_haiku_minimum_and_no_discount_below_it[4095-False]" time="0.000" /><testcase classname="tests.test_regressions" name="test_haiku_minimum_and_no_discount_below_it[4096-True]" time="0.000" /><testcase classname="tests.test_regressions" name="test_unknown_cache_threshold_is_not_invented" time="0.000" /><testcase classname="tests.test_regressions" name="test_invalid_cost_buckets_rejected[args0]" time="0.000" /><testcase classname="tests.test_regressions" name="test_invalid_cost_buckets_rejected[args1]" time="0.000" /><testcase classname="tests.test_regressions" name="test_invalid_cost_buckets_rejected[args2]" time="0.000" /><testcase classname="tests.test_regressions" name="test_invalid_cost_buckets_rejected[args3]" time="0.000" /><testcase classname="tests.test_regressions" name="test_model_mapping_and_verified_metadata" time="0.000" /><testcase classname="tests.test_regressions" name="test_cold_sdd_charges_first_write_and_preparation" time="0.000" /><testcase classname="tests.test_regressions" name="test_compaction_call_itself_is_counted" time="0.000" /><testcase classname="tests.test_regressions" name="test_equal_tool_work_includes_child_and_summary_cost" time="0.000" /><testcase classname="tests.test_regressions" name="test_invalid_tool_scenario_parameters[naive]" time="0.000" /><testcase classname="tests.test_regressions" name="test_invalid_tool_scenario_parameters[compact]" time="0.000" /><testcase classname="tests.test_regressions" name="test_invalid_tool_scenario_parameters[subagent]" time="0.001" /></testsuite></testsuites>